2013/12/07 11:38:44 [error] [exception.CDbException] exception 'CDbException' with message 'CDbConnection failed to open the DB connection: SQLSTATE[42000] [1049] Unknown database 'uks'' in /var/www/UKS_de_La_Salle/projekt/framework/db/CDbConnection.php:382
Stack trace:
#0 /var/www/UKS_de_La_Salle/projekt/framework/db/CDbConnection.php(330): CDbConnection->open()
#1 /var/www/UKS_de_La_Salle/projekt/framework/db/CDbConnection.php(308): CDbConnection->setActive(true)
#2 /var/www/UKS_de_La_Salle/projekt/framework/base/CModule.php(387): CDbConnection->init()
#3 /var/www/UKS_de_La_Salle/projekt/framework/base/CApplication.php(450): CModule->getComponent('db')
#4 /var/www/UKS_de_La_Salle/projekt/framework/db/ar/CActiveRecord.php(634): CApplication->getDb()
#5 /var/www/UKS_de_La_Salle/projekt/framework/db/ar/CActiveRecord.php(667): CActiveRecord->getDbConnection()
#6 /var/www/UKS_de_La_Salle/projekt/framework/db/ar/CActiveRecord.php(1469): CActiveRecord->getCommandBuilder()
#7 /var/www/UKS_de_La_Salle/projekt/uks/protected/views/layouts/main.php(33): CActiveRecord->findAll(Array)
#8 /var/www/UKS_de_La_Salle/projekt/framework/web/CBaseController.php(126): require('/var/www/UKS_de...')
#9 /var/www/UKS_de_La_Salle/projekt/framework/web/CBaseController.php(95): CBaseController->renderInternal('/var/www/UKS_de...', Array, true)
#10 /var/www/UKS_de_La_Salle/projekt/framework/web/widgets/CContentDecorator.php(76): CBaseController->renderFile('/var/www/UKS_de...', Array, true)
#11 /var/www/UKS_de_La_Salle/projekt/framework/web/widgets/CContentDecorator.php(54): CContentDecorator->decorate('<div id="conten...')
#12 /var/www/UKS_de_La_Salle/projekt/framework/web/widgets/COutputProcessor.php(44): CContentDecorator->processOutput('<div id="conten...')
#13 /var/www/UKS_de_La_Salle/projekt/framework/web/CBaseController.php(206): COutputProcessor->run()
#14 /var/www/UKS_de_La_Salle/projekt/framework/web/CBaseController.php(300): CBaseController->endWidget('CContentDecorat...')
#15 /var/www/UKS_de_La_Salle/projekt/uks/protected/views/layouts/column1.php(6): CBaseController->endContent()
#16 /var/www/UKS_de_La_Salle/projekt/framework/web/CBaseController.php(126): require('/var/www/UKS_de...')
#17 /var/www/UKS_de_La_Salle/projekt/framework/web/CBaseController.php(95): CBaseController->renderInternal('/var/www/UKS_de...', Array, true)
#18 /var/www/UKS_de_La_Salle/projekt/framework/web/CController.php(784): CBaseController->renderFile('/var/www/UKS_de...', Array, true)
#19 /var/www/UKS_de_La_Salle/projekt/uks/protected/controllers/SiteController.php(32): CController->render('index')
#20 /var/www/UKS_de_La_Salle/projekt/framework/web/actions/CInlineAction.php(49): SiteController->actionIndex()
#21 /var/www/UKS_de_La_Salle/projekt/framework/web/CController.php(308): CInlineAction->runWithParams(Array)
#22 /var/www/UKS_de_La_Salle/projekt/framework/web/CController.php(286): CController->runAction(Object(CInlineAction))
#23 /var/www/UKS_de_La_Salle/projekt/framework/web/CController.php(265): CController->runActionWithFilters(Object(CInlineAction), Array)
#24 /var/www/UKS_de_La_Salle/projekt/framework/web/CWebApplication.php(282): CController->run('')
#25 /var/www/UKS_de_La_Salle/projekt/framework/web/CWebApplication.php(141): CWebApplication->runController('')
#26 /var/www/UKS_de_La_Salle/projekt/framework/base/CApplication.php(180): CWebApplication->processRequest()
#27 /var/www/UKS_de_La_Salle/projekt/uks/index.php(13): CApplication->run()
#28 {main}
REQUEST_URI=/UKS_de_La_Salle/projekt/uks/
HTTP_REFERER=http://localhost/UKS_de_La_Salle/projekt/
---
2013/12/07 11:40:35 [error] [system.db.CDbCommand] CDbCommand::fetchAll() failed: SQLSTATE[42S02]: Base table or view not found: 1146 Table 'uks.category' doesn't exist. The SQL statement executed was: SHOW FULL COLUMNS FROM `category`.
in /var/www/UKS_de_La_Salle/projekt/uks/protected/views/layouts/main.php (33)
in /var/www/UKS_de_La_Salle/projekt/uks/protected/views/layouts/column1.php (6)
in /var/www/UKS_de_La_Salle/projekt/uks/protected/controllers/SiteController.php (32)
2013/12/07 11:40:35 [error] [exception.CDbException] exception 'CDbException' with message 'The table "category" for active record class "Category" cannot be found in the database.' in /var/www/UKS_de_La_Salle/projekt/framework/db/ar/CActiveRecord.php:2362
Stack trace:
#0 /var/www/UKS_de_La_Salle/projekt/framework/db/ar/CActiveRecord.php(411): CActiveRecordMetaData->__construct(Object(Category))
#1 /var/www/UKS_de_La_Salle/projekt/framework/db/ar/CActiveRecord.php(658): CActiveRecord->getMetaData()
#2 /var/www/UKS_de_La_Salle/projekt/framework/db/ar/CActiveRecord.php(1350): CActiveRecord->getTableSchema()
#3 /var/www/UKS_de_La_Salle/projekt/framework/db/ar/CActiveRecord.php(1470): CActiveRecord->query(Object(CDbCriteria), true)
#4 /var/www/UKS_de_La_Salle/projekt/uks/protected/views/layouts/main.php(33): CActiveRecord->findAll(Array)
#5 /var/www/UKS_de_La_Salle/projekt/framework/web/CBaseController.php(126): require('/var/www/UKS_de...')
#6 /var/www/UKS_de_La_Salle/projekt/framework/web/CBaseController.php(95): CBaseController->renderInternal('/var/www/UKS_de...', Array, true)
#7 /var/www/UKS_de_La_Salle/projekt/framework/web/widgets/CContentDecorator.php(76): CBaseController->renderFile('/var/www/UKS_de...', Array, true)
#8 /var/www/UKS_de_La_Salle/projekt/framework/web/widgets/CContentDecorator.php(54): CContentDecorator->decorate('<div id="conten...')
#9 /var/www/UKS_de_La_Salle/projekt/framework/web/widgets/COutputProcessor.php(44): CContentDecorator->processOutput('<div id="conten...')
#10 /var/www/UKS_de_La_Salle/projekt/framework/web/CBaseController.php(206): COutputProcessor->run()
#11 /var/www/UKS_de_La_Salle/projekt/framework/web/CBaseController.php(300): CBaseController->endWidget('CContentDecorat...')
#12 /var/www/UKS_de_La_Salle/projekt/uks/protected/views/layouts/column1.php(6): CBaseController->endContent()
#13 /var/www/UKS_de_La_Salle/projekt/framework/web/CBaseController.php(126): require('/var/www/UKS_de...')
#14 /var/www/UKS_de_La_Salle/projekt/framework/web/CBaseController.php(95): CBaseController->renderInternal('/var/www/UKS_de...', Array, true)
#15 /var/www/UKS_de_La_Salle/projekt/framework/web/CController.php(784): CBaseController->renderFile('/var/www/UKS_de...', Array, true)
#16 /var/www/UKS_de_La_Salle/projekt/uks/protected/controllers/SiteController.php(32): CController->render('index')
#17 /var/www/UKS_de_La_Salle/projekt/framework/web/actions/CInlineAction.php(49): SiteController->actionIndex()
#18 /var/www/UKS_de_La_Salle/projekt/framework/web/CController.php(308): CInlineAction->runWithParams(Array)
#19 /var/www/UKS_de_La_Salle/projekt/framework/web/CController.php(286): CController->runAction(Object(CInlineAction))
#20 /var/www/UKS_de_La_Salle/projekt/framework/web/CController.php(265): CController->runActionWithFilters(Object(CInlineAction), Array)
#21 /var/www/UKS_de_La_Salle/projekt/framework/web/CWebApplication.php(282): CController->run('')
#22 /var/www/UKS_de_La_Salle/projekt/framework/web/CWebApplication.php(141): CWebApplication->runController('')
#23 /var/www/UKS_de_La_Salle/projekt/framework/base/CApplication.php(180): CWebApplication->processRequest()
#24 /var/www/UKS_de_La_Salle/projekt/uks/index.php(13): CApplication->run()
#25 {main}
REQUEST_URI=/UKS_de_La_Salle/projekt/uks/
HTTP_REFERER=http://localhost/UKS_de_La_Salle/projekt/
---
2013/12/07 11:42:17 [error] [php] date(): It is not safe to rely on the system's timezone settings. You are *required* to use the date.timezone setting or the date_default_timezone_set() function. In case you used any of those methods and you are still getting this warning, you most likely misspelled the timezone identifier. We selected the timezone 'UTC' for now, but please set date.timezone to select your timezone. (/var/www/UKS_de_La_Salle/projekt/uks/protected/views/layouts/main.php:58)
Stack trace:
#0 /var/www/UKS_de_La_Salle/projekt/framework/web/CBaseController.php(95): SiteController->renderInternal()
#1 /var/www/UKS_de_La_Salle/projekt/framework/web/widgets/CContentDecorator.php(76): SiteController->renderFile()
#2 /var/www/UKS_de_La_Salle/projekt/framework/web/widgets/CContentDecorator.php(54): CContentDecorator->decorate()
#3 /var/www/UKS_de_La_Salle/projekt/framework/web/widgets/COutputProcessor.php(44): CContentDecorator->processOutput()
#4 /var/www/UKS_de_La_Salle/projekt/framework/web/CBaseController.php(206): CContentDecorator->run()
#5 /var/www/UKS_de_La_Salle/projekt/framework/web/CBaseController.php(300): SiteController->endWidget()
#6 /var/www/UKS_de_La_Salle/projekt/uks/protected/views/layouts/column1.php(6): SiteController->endContent()
#7 /var/www/UKS_de_La_Salle/projekt/framework/web/CBaseController.php(126): require()
#8 /var/www/UKS_de_La_Salle/projekt/framework/web/CBaseController.php(95): SiteController->renderInternal()
#9 /var/www/UKS_de_La_Salle/projekt/framework/web/CController.php(784): SiteController->renderFile()
#10 /var/www/UKS_de_La_Salle/projekt/uks/protected/controllers/SiteController.php(32): SiteController->render()
#11 /var/www/UKS_de_La_Salle/projekt/framework/web/actions/CInlineAction.php(49): SiteController->actionIndex()
#12 /var/www/UKS_de_La_Salle/projekt/framework/web/CController.php(308): CInlineAction->runWithParams()
#13 /var/www/UKS_de_La_Salle/projekt/framework/web/CController.php(286): SiteController->runAction()
#14 /var/www/UKS_de_La_Salle/projekt/framework/web/CController.php(265): SiteController->runActionWithFilters()
#15 /var/www/UKS_de_La_Salle/projekt/framework/web/CWebApplication.php(282): SiteController->run()
#16 /var/www/UKS_de_La_Salle/projekt/framework/web/CWebApplication.php(141): CWebApplication->runController()
#17 /var/www/UKS_de_La_Salle/projekt/framework/base/CApplication.php(180): CWebApplication->processRequest()
#18 /var/www/UKS_de_La_Salle/projekt/uks/index.php(13): CWebApplication->run()
REQUEST_URI=/UKS_de_La_Salle/projekt/uks/
in /var/www/UKS_de_La_Salle/projekt/uks/protected/views/layouts/main.php (58)
in /var/www/UKS_de_La_Salle/projekt/uks/protected/views/layouts/column1.php (6)
in /var/www/UKS_de_La_Salle/projekt/uks/protected/controllers/SiteController.php (32)
2013/12/07 11:48:47 [error] [php] date(): It is not safe to rely on the system's timezone settings. You are *required* to use the date.timezone setting or the date_default_timezone_set() function. In case you used any of those methods and you are still getting this warning, you most likely misspelled the timezone identifier. We selected the timezone 'UTC' for now, but please set date.timezone to select your timezone. (/var/www/UKS_de_La_Salle/projekt/uks/protected/views/layouts/main.php:58)
Stack trace:
#0 /var/www/UKS_de_La_Salle/projekt/framework/web/CBaseController.php(95): SiteController->renderInternal()
#1 /var/www/UKS_de_La_Salle/projekt/framework/web/widgets/CContentDecorator.php(76): SiteController->renderFile()
#2 /var/www/UKS_de_La_Salle/projekt/framework/web/widgets/CContentDecorator.php(54): CContentDecorator->decorate()
#3 /var/www/UKS_de_La_Salle/projekt/framework/web/widgets/COutputProcessor.php(44): CContentDecorator->processOutput()
#4 /var/www/UKS_de_La_Salle/projekt/framework/web/CBaseController.php(206): CContentDecorator->run()
#5 /var/www/UKS_de_La_Salle/projekt/framework/web/CBaseController.php(300): SiteController->endWidget()
#6 /var/www/UKS_de_La_Salle/projekt/uks/protected/views/layouts/column1.php(6): SiteController->endContent()
#7 /var/www/UKS_de_La_Salle/projekt/framework/web/CBaseController.php(126): require()
#8 /var/www/UKS_de_La_Salle/projekt/framework/web/CBaseController.php(95): SiteController->renderInternal()
#9 /var/www/UKS_de_La_Salle/projekt/framework/web/CController.php(784): SiteController->renderFile()
#10 /var/www/UKS_de_La_Salle/projekt/uks/protected/controllers/SiteController.php(32): SiteController->render()
#11 /var/www/UKS_de_La_Salle/projekt/framework/web/actions/CInlineAction.php(49): SiteController->actionIndex()
#12 /var/www/UKS_de_La_Salle/projekt/framework/web/CController.php(308): CInlineAction->runWithParams()
#13 /var/www/UKS_de_La_Salle/projekt/framework/web/CController.php(286): SiteController->runAction()
#14 /var/www/UKS_de_La_Salle/projekt/framework/web/CController.php(265): SiteController->runActionWithFilters()
#15 /var/www/UKS_de_La_Salle/projekt/framework/web/CWebApplication.php(282): SiteController->run()
#16 /var/www/UKS_de_La_Salle/projekt/framework/web/CWebApplication.php(141): CWebApplication->runController()
#17 /var/www/UKS_de_La_Salle/projekt/framework/base/CApplication.php(180): CWebApplication->processRequest()
#18 /var/www/UKS_de_La_Salle/projekt/uks/index.php(13): CWebApplication->run()
REQUEST_URI=/UKS_de_La_Salle/projekt/uks/
in /var/www/UKS_de_La_Salle/projekt/uks/protected/views/layouts/main.php (58)
in /var/www/UKS_de_La_Salle/projekt/uks/protected/views/layouts/column1.php (6)
in /var/www/UKS_de_La_Salle/projekt/uks/protected/controllers/SiteController.php (32)
2013/12/07 11:48:50 [error] [php] date(): It is not safe to rely on the system's timezone settings. You are *required* to use the date.timezone setting or the date_default_timezone_set() function. In case you used any of those methods and you are still getting this warning, you most likely misspelled the timezone identifier. We selected the timezone 'UTC' for now, but please set date.timezone to select your timezone. (/var/www/UKS_de_La_Salle/projekt/uks/protected/views/layouts/main.php:58)
Stack trace:
#0 /var/www/UKS_de_La_Salle/projekt/framework/web/CBaseController.php(95): SiteController->renderInternal()
#1 /var/www/UKS_de_La_Salle/projekt/framework/web/widgets/CContentDecorator.php(76): SiteController->renderFile()
#2 /var/www/UKS_de_La_Salle/projekt/framework/web/widgets/CContentDecorator.php(54): CContentDecorator->decorate()
#3 /var/www/UKS_de_La_Salle/projekt/framework/web/widgets/COutputProcessor.php(44): CContentDecorator->processOutput()
#4 /var/www/UKS_de_La_Salle/projekt/framework/web/CBaseController.php(206): CContentDecorator->run()
#5 /var/www/UKS_de_La_Salle/projekt/framework/web/CBaseController.php(300): SiteController->endWidget()
#6 /var/www/UKS_de_La_Salle/projekt/uks/protected/views/layouts/column1.php(6): SiteController->endContent()
#7 /var/www/UKS_de_La_Salle/projekt/framework/web/CBaseController.php(126): require()
#8 /var/www/UKS_de_La_Salle/projekt/framework/web/CBaseController.php(95): SiteController->renderInternal()
#9 /var/www/UKS_de_La_Salle/projekt/framework/web/CController.php(784): SiteController->renderFile()
#10 /var/www/UKS_de_La_Salle/projekt/uks/protected/controllers/SiteController.php(32): SiteController->render()
#11 /var/www/UKS_de_La_Salle/projekt/framework/web/actions/CInlineAction.php(49): SiteController->actionIndex()
#12 /var/www/UKS_de_La_Salle/projekt/framework/web/CController.php(308): CInlineAction->runWithParams()
#13 /var/www/UKS_de_La_Salle/projekt/framework/web/CController.php(286): SiteController->runAction()
#14 /var/www/UKS_de_La_Salle/projekt/framework/web/CController.php(265): SiteController->runActionWithFilters()
#15 /var/www/UKS_de_La_Salle/projekt/framework/web/CWebApplication.php(282): SiteController->run()
#16 /var/www/UKS_de_La_Salle/projekt/framework/web/CWebApplication.php(141): CWebApplication->runController()
#17 /var/www/UKS_de_La_Salle/projekt/framework/base/CApplication.php(180): CWebApplication->processRequest()
#18 /var/www/UKS_de_La_Salle/projekt/uks/index.php(13): CWebApplication->run()
REQUEST_URI=/UKS_de_La_Salle/projekt/uks/
in /var/www/UKS_de_La_Salle/projekt/uks/protected/views/layouts/main.php (58)
in /var/www/UKS_de_La_Salle/projekt/uks/protected/views/layouts/column1.php (6)
in /var/www/UKS_de_La_Salle/projekt/uks/protected/controllers/SiteController.php (32)
2013/12/07 11:48:51 [error] [php] date(): It is not safe to rely on the system's timezone settings. You are *required* to use the date.timezone setting or the date_default_timezone_set() function. In case you used any of those methods and you are still getting this warning, you most likely misspelled the timezone identifier. We selected the timezone 'UTC' for now, but please set date.timezone to select your timezone. (/var/www/UKS_de_La_Salle/projekt/uks/protected/views/layouts/main.php:58)
Stack trace:
#0 /var/www/UKS_de_La_Salle/projekt/framework/web/CBaseController.php(95): SiteController->renderInternal()
#1 /var/www/UKS_de_La_Salle/projekt/framework/web/widgets/CContentDecorator.php(76): SiteController->renderFile()
#2 /var/www/UKS_de_La_Salle/projekt/framework/web/widgets/CContentDecorator.php(54): CContentDecorator->decorate()
#3 /var/www/UKS_de_La_Salle/projekt/framework/web/widgets/COutputProcessor.php(44): CContentDecorator->processOutput()
#4 /var/www/UKS_de_La_Salle/projekt/framework/web/CBaseController.php(206): CContentDecorator->run()
#5 /var/www/UKS_de_La_Salle/projekt/framework/web/CBaseController.php(300): SiteController->endWidget()
#6 /var/www/UKS_de_La_Salle/projekt/uks/protected/views/layouts/column1.php(6): SiteController->endContent()
#7 /var/www/UKS_de_La_Salle/projekt/framework/web/CBaseController.php(126): require()
#8 /var/www/UKS_de_La_Salle/projekt/framework/web/CBaseController.php(95): SiteController->renderInternal()
#9 /var/www/UKS_de_La_Salle/projekt/framework/web/CController.php(784): SiteController->renderFile()
#10 /var/www/UKS_de_La_Salle/projekt/uks/protected/controllers/SiteController.php(32): SiteController->render()
#11 /var/www/UKS_de_La_Salle/projekt/framework/web/actions/CInlineAction.php(49): SiteController->actionIndex()
#12 /var/www/UKS_de_La_Salle/projekt/framework/web/CController.php(308): CInlineAction->runWithParams()
#13 /var/www/UKS_de_La_Salle/projekt/framework/web/CController.php(286): SiteController->runAction()
#14 /var/www/UKS_de_La_Salle/projekt/framework/web/CController.php(265): SiteController->runActionWithFilters()
#15 /var/www/UKS_de_La_Salle/projekt/framework/web/CWebApplication.php(282): SiteController->run()
#16 /var/www/UKS_de_La_Salle/projekt/framework/web/CWebApplication.php(141): CWebApplication->runController()
#17 /var/www/UKS_de_La_Salle/projekt/framework/base/CApplication.php(180): CWebApplication->processRequest()
#18 /var/www/UKS_de_La_Salle/projekt/uks/index.php(13): CWebApplication->run()
REQUEST_URI=/UKS_de_La_Salle/projekt/uks/
in /var/www/UKS_de_La_Salle/projekt/uks/protected/views/layouts/main.php (58)
in /var/www/UKS_de_La_Salle/projekt/uks/protected/views/layouts/column1.php (6)
in /var/www/UKS_de_La_Salle/projekt/uks/protected/controllers/SiteController.php (32)
2013/12/07 11:48:51 [error] [php] date(): It is not safe to rely on the system's timezone settings. You are *required* to use the date.timezone setting or the date_default_timezone_set() function. In case you used any of those methods and you are still getting this warning, you most likely misspelled the timezone identifier. We selected the timezone 'UTC' for now, but please set date.timezone to select your timezone. (/var/www/UKS_de_La_Salle/projekt/uks/protected/views/layouts/main.php:58)
Stack trace:
#0 /var/www/UKS_de_La_Salle/projekt/framework/web/CBaseController.php(95): SiteController->renderInternal()
#1 /var/www/UKS_de_La_Salle/projekt/framework/web/widgets/CContentDecorator.php(76): SiteController->renderFile()
#2 /var/www/UKS_de_La_Salle/projekt/framework/web/widgets/CContentDecorator.php(54): CContentDecorator->decorate()
#3 /var/www/UKS_de_La_Salle/projekt/framework/web/widgets/COutputProcessor.php(44): CContentDecorator->processOutput()
#4 /var/www/UKS_de_La_Salle/projekt/framework/web/CBaseController.php(206): CContentDecorator->run()
#5 /var/www/UKS_de_La_Salle/projekt/framework/web/CBaseController.php(300): SiteController->endWidget()
#6 /var/www/UKS_de_La_Salle/projekt/uks/protected/views/layouts/column1.php(6): SiteController->endContent()
#7 /var/www/UKS_de_La_Salle/projekt/framework/web/CBaseController.php(126): require()
#8 /var/www/UKS_de_La_Salle/projekt/framework/web/CBaseController.php(95): SiteController->renderInternal()
#9 /var/www/UKS_de_La_Salle/projekt/framework/web/CController.php(784): SiteController->renderFile()
#10 /var/www/UKS_de_La_Salle/projekt/uks/protected/controllers/SiteController.php(32): SiteController->render()
#11 /var/www/UKS_de_La_Salle/projekt/framework/web/actions/CInlineAction.php(49): SiteController->actionIndex()
#12 /var/www/UKS_de_La_Salle/projekt/framework/web/CController.php(308): CInlineAction->runWithParams()
#13 /var/www/UKS_de_La_Salle/projekt/framework/web/CController.php(286): SiteController->runAction()
#14 /var/www/UKS_de_La_Salle/projekt/framework/web/CController.php(265): SiteController->runActionWithFilters()
#15 /var/www/UKS_de_La_Salle/projekt/framework/web/CWebApplication.php(282): SiteController->run()
#16 /var/www/UKS_de_La_Salle/projekt/framework/web/CWebApplication.php(141): CWebApplication->runController()
#17 /var/www/UKS_de_La_Salle/projekt/framework/base/CApplication.php(180): CWebApplication->processRequest()
#18 /var/www/UKS_de_La_Salle/projekt/uks/index.php(13): CWebApplication->run()
REQUEST_URI=/UKS_de_La_Salle/projekt/uks/
in /var/www/UKS_de_La_Salle/projekt/uks/protected/views/layouts/main.php (58)
in /var/www/UKS_de_La_Salle/projekt/uks/protected/views/layouts/column1.php (6)
in /var/www/UKS_de_La_Salle/projekt/uks/protected/controllers/SiteController.php (32)
2013/12/07 11:48:52 [error] [php] date(): It is not safe to rely on the system's timezone settings. You are *required* to use the date.timezone setting or the date_default_timezone_set() function. In case you used any of those methods and you are still getting this warning, you most likely misspelled the timezone identifier. We selected the timezone 'UTC' for now, but please set date.timezone to select your timezone. (/var/www/UKS_de_La_Salle/projekt/uks/protected/views/layouts/main.php:58)
Stack trace:
#0 /var/www/UKS_de_La_Salle/projekt/framework/web/CBaseController.php(95): SiteController->renderInternal()
#1 /var/www/UKS_de_La_Salle/projekt/framework/web/widgets/CContentDecorator.php(76): SiteController->renderFile()
#2 /var/www/UKS_de_La_Salle/projekt/framework/web/widgets/CContentDecorator.php(54): CContentDecorator->decorate()
#3 /var/www/UKS_de_La_Salle/projekt/framework/web/widgets/COutputProcessor.php(44): CContentDecorator->processOutput()
#4 /var/www/UKS_de_La_Salle/projekt/framework/web/CBaseController.php(206): CContentDecorator->run()
#5 /var/www/UKS_de_La_Salle/projekt/framework/web/CBaseController.php(300): SiteController->endWidget()
#6 /var/www/UKS_de_La_Salle/projekt/uks/protected/views/layouts/column1.php(6): SiteController->endContent()
#7 /var/www/UKS_de_La_Salle/projekt/framework/web/CBaseController.php(126): require()
#8 /var/www/UKS_de_La_Salle/projekt/framework/web/CBaseController.php(95): SiteController->renderInternal()
#9 /var/www/UKS_de_La_Salle/projekt/framework/web/CController.php(784): SiteController->renderFile()
#10 /var/www/UKS_de_La_Salle/projekt/uks/protected/controllers/SiteController.php(32): SiteController->render()
#11 /var/www/UKS_de_La_Salle/projekt/framework/web/actions/CInlineAction.php(49): SiteController->actionIndex()
#12 /var/www/UKS_de_La_Salle/projekt/framework/web/CController.php(308): CInlineAction->runWithParams()
#13 /var/www/UKS_de_La_Salle/projekt/framework/web/CController.php(286): SiteController->runAction()
#14 /var/www/UKS_de_La_Salle/projekt/framework/web/CController.php(265): SiteController->runActionWithFilters()
#15 /var/www/UKS_de_La_Salle/projekt/framework/web/CWebApplication.php(282): SiteController->run()
#16 /var/www/UKS_de_La_Salle/projekt/framework/web/CWebApplication.php(141): CWebApplication->runController()
#17 /var/www/UKS_de_La_Salle/projekt/framework/base/CApplication.php(180): CWebApplication->processRequest()
#18 /var/www/UKS_de_La_Salle/projekt/uks/index.php(13): CWebApplication->run()
REQUEST_URI=/UKS_de_La_Salle/projekt/uks/
in /var/www/UKS_de_La_Salle/projekt/uks/protected/views/layouts/main.php (58)
in /var/www/UKS_de_La_Salle/projekt/uks/protected/views/layouts/column1.php (6)
in /var/www/UKS_de_La_Salle/projekt/uks/protected/controllers/SiteController.php (32)
2013/12/07 11:48:52 [error] [php] date(): It is not safe to rely on the system's timezone settings. You are *required* to use the date.timezone setting or the date_default_timezone_set() function. In case you used any of those methods and you are still getting this warning, you most likely misspelled the timezone identifier. We selected the timezone 'UTC' for now, but please set date.timezone to select your timezone. (/var/www/UKS_de_La_Salle/projekt/uks/protected/views/layouts/main.php:58)
Stack trace:
#0 /var/www/UKS_de_La_Salle/projekt/framework/web/CBaseController.php(95): SiteController->renderInternal()
#1 /var/www/UKS_de_La_Salle/projekt/framework/web/widgets/CContentDecorator.php(76): SiteController->renderFile()
#2 /var/www/UKS_de_La_Salle/projekt/framework/web/widgets/CContentDecorator.php(54): CContentDecorator->decorate()
#3 /var/www/UKS_de_La_Salle/projekt/framework/web/widgets/COutputProcessor.php(44): CContentDecorator->processOutput()
#4 /var/www/UKS_de_La_Salle/projekt/framework/web/CBaseController.php(206): CContentDecorator->run()
#5 /var/www/UKS_de_La_Salle/projekt/framework/web/CBaseController.php(300): SiteController->endWidget()
#6 /var/www/UKS_de_La_Salle/projekt/uks/protected/views/layouts/column1.php(6): SiteController->endContent()
#7 /var/www/UKS_de_La_Salle/projekt/framework/web/CBaseController.php(126): require()
#8 /var/www/UKS_de_La_Salle/projekt/framework/web/CBaseController.php(95): SiteController->renderInternal()
#9 /var/www/UKS_de_La_Salle/projekt/framework/web/CController.php(784): SiteController->renderFile()
#10 /var/www/UKS_de_La_Salle/projekt/uks/protected/controllers/SiteController.php(32): SiteController->render()
#11 /var/www/UKS_de_La_Salle/projekt/framework/web/actions/CInlineAction.php(49): SiteController->actionIndex()
#12 /var/www/UKS_de_La_Salle/projekt/framework/web/CController.php(308): CInlineAction->runWithParams()
#13 /var/www/UKS_de_La_Salle/projekt/framework/web/CController.php(286): SiteController->runAction()
#14 /var/www/UKS_de_La_Salle/projekt/framework/web/CController.php(265): SiteController->runActionWithFilters()
#15 /var/www/UKS_de_La_Salle/projekt/framework/web/CWebApplication.php(282): SiteController->run()
#16 /var/www/UKS_de_La_Salle/projekt/framework/web/CWebApplication.php(141): CWebApplication->runController()
#17 /var/www/UKS_de_La_Salle/projekt/framework/base/CApplication.php(180): CWebApplication->processRequest()
#18 /var/www/UKS_de_La_Salle/projekt/uks/index.php(13): CWebApplication->run()
REQUEST_URI=/UKS_de_La_Salle/projekt/uks/
in /var/www/UKS_de_La_Salle/projekt/uks/protected/views/layouts/main.php (58)
in /var/www/UKS_de_La_Salle/projekt/uks/protected/views/layouts/column1.php (6)
in /var/www/UKS_de_La_Salle/projekt/uks/protected/controllers/SiteController.php (32)
